------------------------------------------------------------------------------
                           GCC Code Coverage Report
Directory: .
------------------------------------------------------------------------------
File                                       Lines    Exec  Cover   Missing
------------------------------------------------------------------------------
utExecutionAndResults/utUnderTest/src/Subfunction_Request_Out_Of_Range.c
                                               3       3   100%
------------------------------------------------------------------------------
TOTAL                                          3       3   100%
------------------------------------------------------------------------------
